\BOOKMARK [0][-]{section*.2}{Non-Relativistic Anisotropic Magnetoresistance}{}% 2
\BOOKMARK [1][-]{section*.1}{Abstract}{section*.2}% 1
\BOOKMARK [1][-]{section*.3}{Introduction}{section*.2}% 3
\BOOKMARK [2][-]{section*.4}{Definition of AMR}{section*.3}% 4
\BOOKMARK [2][-]{section*.5}{Categories of AMR}{section*.3}% 5
\BOOKMARK [2][-]{section*.8}{Beyond Spin-Orbit Coupling}{section*.3}% 6
\BOOKMARK [2][-]{section*.9}{Organization}{section*.3}% 7
\BOOKMARK [1][-]{section*.10}{Methods}{section*.2}% 8
\BOOKMARK [2][-]{section*.11}{Formalism}{section*.10}% 9
\BOOKMARK [2][-]{section*.12}{Symmetry Analysis}{section*.10}% 10
\BOOKMARK [1][-]{section*.13}{Intrinsic AMR}{section*.2}% 11
\BOOKMARK [2][-]{section*.14}{MnN: Example of AMR as a Spontaneous Effect}{section*.13}% 12
\BOOKMARK [2][-]{section*.15}{Intrinsic AMR due to Manipulation of the Magnetic Order}{section*.13}% 13
\BOOKMARK [2][-]{section*.16}{A Material Example: Mn3Sn}{section*.13}% 14
\BOOKMARK [2][-]{section*.17}{AMR due to Metal-Insulator Transition: EuTe2}{section*.13}% 15
\BOOKMARK [1][-]{section*.18}{Extrinsic AMR}{section*.2}% 16
\BOOKMARK [1][-]{section*.19}{Summary and Conclusions}{section*.2}% 17
\BOOKMARK [1][-]{section*.20}{Acknowledgments}{section*.2}% 18
\BOOKMARK [1][-]{section*.21}{Ab initio calculations}{section*.2}% 19
\BOOKMARK [1][-]{section*.22}{Commentary about the Tight-Binding Model}{section*.2}% 20
\BOOKMARK [1][-]{section*.23}{An Expanded Phenomenological Model}{section*.2}% 21
\BOOKMARK [1][-]{section*.24}{References}{section*.2}% 22
\BOOKMARK [1][-]{section*.25}{References}{section*.2}% 23
