\BOOKMARK [0][-]{section*.2}{Non-Relativistic Anisotropic Magnetoresistance}{}% 2
\BOOKMARK [1][-]{section*.1}{Abstract}{section*.2}% 1
\BOOKMARK [1][-]{section*.3}{Introduction}{section*.2}% 3
\BOOKMARK [2][-]{section*.4}{Overview on Anisotropic Magnetoresistance}{section*.3}% 4
\BOOKMARK [2][-]{section*.5}{Non-collinear Magnetic Order}{section*.3}% 5
\BOOKMARK [2][-]{section*.6}{Organization}{section*.3}% 6
\BOOKMARK [2][-]{section*.7}{red Symmetries, p-wave magnetism}{section*.3}% 7
\BOOKMARK [1][-]{section*.8}{Modelling}{section*.2}% 8
\BOOKMARK [2][-]{section*.9}{Formalism}{section*.8}% 9
\BOOKMARK [2][-]{section*.10}{Definition of AMR}{section*.8}% 10
\BOOKMARK [2][-]{section*.11}{An Expanded Phenomenological Model}{section*.8}% 11
\BOOKMARK [1][-]{section*.12}{Intrinsic AMR}{section*.2}% 12
\BOOKMARK [2][-]{section*.13}{Anisotropy due to magnetic order in collinear systems}{section*.12}% 13
\BOOKMARK [2][-]{section*.14}{Kagome lattice}{section*.12}% 14
\BOOKMARK [2][-]{section*.15}{Triangular lattice}{section*.12}% 15
\BOOKMARK [2][-]{section*.16}{CrSe and Mn3Sn}{section*.12}% 16
\BOOKMARK [1][-]{section*.17}{Extrinsic AMR}{section*.2}% 17
\BOOKMARK [1][-]{section*.18}{Conclusions}{section*.2}% 18
\BOOKMARK [1][-]{section*.19}{Acknowledgments}{section*.2}% 19
\BOOKMARK [1][-]{section*.20}{Ab initio calculations}{section*.2}% 20
\BOOKMARK [1][-]{section*.21}{Commentary about the Tight-Binding Model}{section*.2}% 21
\BOOKMARK [1][-]{section*.22}{Further magnetic configuration in the kagome lattice red - keep, or kick out? }{section*.2}% 22
\BOOKMARK [1][-]{section*.23}{References}{section*.2}% 23
\BOOKMARK [1][-]{section*.24}{References}{section*.2}% 24
